
Attaching package: ‘dplyr’

The following objects are masked from ‘package:stats’:

    filter, lag

The following objects are masked from ‘package:base’:

    intersect, setdiff, setequal, union

This is cmdstanr version 0.9.0
- CmdStanR documentation and vignettes: mc-stan.org/cmdstanr
- CmdStan path: /mnt/c/Users/jjk06/OneDrive/Desktop/2026_r_projs/longiflorus_calycinus_seedling_growth/.snakemake/conda/f1fc2f2a6c682e00cf0e6269d8018858_/bin/cmdstan
- CmdStan version: 2.38.0
[1] "Data read in."
Warning message:
Dropping 'draws_df' class as required metadata was removed. 
Warning message:
Dropping 'draws_df' class as required metadata was removed. 
Warning message:
Dropping 'draws_df' class as required metadata was removed. 
Warning message:
Dropping 'draws_df' class as required metadata was removed. 
Warning message:
Dropping 'draws_df' class as required metadata was removed. 
Warning message:
Dropping 'draws_df' class as required metadata was removed. 
Warning message:
Dropping 'draws_df' class as required metadata was removed. 
Warning message:
Dropping 'draws_df' class as required metadata was removed. 
Warning message:
Dropping 'draws_df' class as required metadata was removed. 
[1] "All plots made"
